2014-12-20 16:42:15,768 ERROR
'unicode' object has no attribute 'data'

2014-12-20 16:42:59,064 ERROR
'unicode' object has no attribute 'data'

2014-12-20 16:43:55,746 ERROR
'unicode' object has no attribute 'data'

2014-12-20 16:44:42,161 ERROR
'unicode' object has no attribute 'data'

2014-12-20 16:48:07,738 ERROR
'str' object has no attribute 'append'

2014-12-20 16:53:17,750 ERROR
url is None

2014-12-20 16:56:35,315 ERROR
url is None

2014-12-20 16:56:50,662 ERROR
url is None

2014-12-20 17:00:35,377 ERROR
global name 'url' is not defined

2014-12-20 17:00:51,975 ERROR
global name 'url' is not defined

2014-12-20 17:01:11,078 ERROR
global name 'url' is not defined

2014-12-20 17:03:51,245 ERROR
i url is None

2014-12-20 17:06:16,802 ERROR
i url is None

2014-12-20 17:06:53,687 ERROR
i url is None

2014-12-20 17:07:49,364 ERROR
i url is None

2014-12-20 17:11:15,147 ERROR
i url is None

2014-12-20 17:13:07,059 ERROR
i url is None

2014-12-20 17:13:37,607 ERROR
i url is None

2014-12-20 17:15:32,447 ERROR
i url is None

2014-12-20 17:18:17,970 ERROR
i url is None

2014-12-20 17:19:00,718 ERROR
i url is None

2014-12-20 17:20:38,610 ERROR
i url is None

2014-12-20 17:23:57,730 ERROR
i url is None

2014-12-20 17:25:54,622 ERROR
i url is None

2014-12-20 17:28:16,063 ERROR
i url is None

2014-12-20 17:29:41,117 ERROR
i url is None

2014-12-20 17:30:20,620 ERROR
i url is None

2014-12-20 17:31:58,047 ERROR
i url is None

2014-12-20 17:32:01,509 ERROR
global name 'b' is not defined

2014-12-20 17:32:01,510 ERROR
global name 'b' is not defined

2014-12-20 17:32:01,510 ERROR
global name 'b' is not defined

2014-12-20 17:32:01,511 ERROR
global name 'b' is not defined

2014-12-20 17:32:01,511 ERROR
global name 'b' is not defined

2014-12-20 17:32:01,512 ERROR
global name 'b' is not defined

2014-12-20 17:32:01,512 ERROR
global name 'b' is not defined

2014-12-20 17:32:01,513 ERROR
global name 'b' is not defined

2014-12-20 17:32:01,513 ERROR
global name 'b' is not defined

2014-12-20 17:32:01,514 ERROR
global name 'b' is not defined

2014-12-20 17:32:01,515 ERROR
global name 'b' is not defined

2014-12-20 17:32:01,516 ERROR
global name 'b' is not defined

2014-12-20 17:32:01,517 ERROR
global name 'b' is not defined

2014-12-20 17:32:01,518 ERROR
global name 'b' is not defined

2014-12-20 17:32:01,518 ERROR
global name 'b' is not defined

2014-12-20 17:32:01,519 ERROR
global name 'b' is not defined

2014-12-20 17:32:01,520 ERROR
global name 'b' is not defined

2014-12-20 17:32:01,520 ERROR
global name 'b' is not defined

2014-12-20 17:32:01,521 ERROR
global name 'b' is not defined

2014-12-20 17:32:01,522 ERROR
global name 'b' is not defined

2014-12-20 17:32:01,522 ERROR
global name 'b' is not defined

2014-12-20 17:32:01,523 ERROR
global name 'b' is not defined

2014-12-20 17:32:01,523 ERROR
global name 'b' is not defined

2014-12-20 17:32:01,524 ERROR
global name 'b' is not defined

2014-12-20 17:32:01,525 ERROR
global name 'b' is not defined

2014-12-20 17:32:01,526 ERROR
global name 'b' is not defined

2014-12-20 17:32:01,527 ERROR
global name 'b' is not defined

2014-12-20 17:32:01,528 ERROR
global name 'b' is not defined

2014-12-20 17:32:01,528 ERROR
global name 'b' is not defined

2014-12-20 17:32:01,529 ERROR
global name 'b' is not defined

2014-12-20 17:32:01,530 ERROR
global name 'b' is not defined

2014-12-20 17:32:01,530 ERROR
global name 'b' is not defined

2014-12-20 17:32:01,531 ERROR
global name 'b' is not defined

2014-12-20 17:32:01,531 ERROR
global name 'b' is not defined

2014-12-20 17:32:01,532 ERROR
global name 'b' is not defined

2014-12-20 17:32:01,533 ERROR
global name 'b' is not defined

2014-12-20 17:32:01,533 ERROR
global name 'b' is not defined

2014-12-20 17:32:01,534 ERROR
global name 'b' is not defined

2014-12-20 17:32:01,534 ERROR
global name 'b' is not defined

2014-12-20 17:32:01,535 ERROR
global name 'b' is not defined

2014-12-20 17:32:01,536 ERROR
global name 'b' is not defined

2014-12-20 17:32:01,537 ERROR
global name 'b' is not defined

2014-12-20 17:32:01,538 ERROR
global name 'b' is not defined

2014-12-20 17:32:01,539 ERROR
global name 'b' is not defined

2014-12-20 17:32:01,540 ERROR
global name 'b' is not defined

2014-12-20 17:32:01,540 ERROR
global name 'b' is not defined

2014-12-20 17:32:01,541 ERROR
global name 'b' is not defined

2014-12-20 17:32:01,541 ERROR
global name 'b' is not defined

2014-12-20 17:32:01,542 ERROR
global name 'b' is not defined

2014-12-20 17:32:01,543 ERROR
global name 'b' is not defined

2014-12-20 17:32:01,543 ERROR
global name 'b' is not defined

2014-12-20 17:32:01,563 ERROR
global name 'b' is not defined

2014-12-20 17:32:01,564 ERROR
global name 'b' is not defined

2014-12-20 17:32:01,564 ERROR
global name 'b' is not defined

2014-12-20 17:32:01,565 ERROR
global name 'b' is not defined

2014-12-20 17:32:01,565 ERROR
global name 'b' is not defined

2014-12-20 17:32:01,566 ERROR
global name 'b' is not defined

2014-12-20 17:32:01,566 ERROR
global name 'b' is not defined

2014-12-20 17:32:01,567 ERROR
global name 'b' is not defined

2014-12-20 17:32:01,567 ERROR
global name 'b' is not defined

2014-12-20 17:32:01,568 ERROR
global name 'b' is not defined

2014-12-20 17:32:01,568 ERROR
global name 'b' is not defined

2014-12-20 17:32:01,569 ERROR
global name 'b' is not defined

2014-12-20 17:32:01,569 ERROR
global name 'b' is not defined

2014-12-20 17:32:01,569 ERROR
global name 'b' is not defined

2014-12-20 17:32:01,570 ERROR
global name 'b' is not defined

2014-12-20 17:32:01,570 ERROR
global name 'b' is not defined

2014-12-20 17:32:01,571 ERROR
global name 'b' is not defined

2014-12-20 17:32:01,571 ERROR
global name 'b' is not defined

2014-12-20 17:32:01,572 ERROR
global name 'b' is not defined

2014-12-20 17:32:01,572 ERROR
global name 'b' is not defined

2014-12-20 17:32:01,573 ERROR
global name 'b' is not defined

2014-12-20 17:32:01,573 ERROR
global name 'b' is not defined

2014-12-20 17:32:01,574 ERROR
global name 'b' is not defined

2014-12-20 17:32:01,575 ERROR
global name 'b' is not defined

2014-12-20 17:32:01,589 ERROR
global name 'b' is not defined

2014-12-20 17:32:01,589 ERROR
global name 'b' is not defined

2014-12-20 17:32:01,590 ERROR
global name 'b' is not defined

2014-12-20 17:32:01,590 ERROR
global name 'b' is not defined

2014-12-20 17:32:01,591 ERROR
global name 'b' is not defined

2014-12-20 17:32:01,591 ERROR
global name 'b' is not defined

2014-12-20 17:32:01,592 ERROR
global name 'b' is not defined

2014-12-20 17:32:01,592 ERROR
global name 'b' is not defined

2014-12-20 17:32:01,593 ERROR
global name 'b' is not defined

2014-12-20 17:32:01,593 ERROR
global name 'b' is not defined

2014-12-20 17:32:01,594 ERROR
global name 'b' is not defined

2014-12-20 17:32:01,594 ERROR
global name 'b' is not defined

2014-12-20 17:32:01,595 ERROR
global name 'b' is not defined

2014-12-20 17:32:01,596 ERROR
global name 'b' is not defined

2014-12-20 17:32:01,605 ERROR
global name 'b' is not defined

2014-12-20 17:32:01,606 ERROR
global name 'b' is not defined

2014-12-20 17:32:01,607 ERROR
global name 'b' is not defined

2014-12-20 17:32:01,607 ERROR
global name 'b' is not defined

2014-12-20 17:32:01,608 ERROR
global name 'b' is not defined

2014-12-20 17:32:01,608 ERROR
global name 'b' is not defined

2014-12-20 17:32:01,609 ERROR
global name 'b' is not defined

2014-12-20 17:32:01,609 ERROR
global name 'b' is not defined

2014-12-20 17:32:01,610 ERROR
global name 'b' is not defined

2014-12-20 17:32:01,649 ERROR
global name 'b' is not defined

2014-12-20 17:32:01,650 ERROR
global name 'b' is not defined

2014-12-20 17:32:01,650 ERROR
global name 'b' is not defined

2014-12-20 17:32:01,651 ERROR
global name 'b' is not defined

2014-12-20 17:32:01,652 ERROR
global name 'b' is not defined

2014-12-20 17:32:01,652 ERROR
global name 'b' is not defined

2014-12-20 17:32:01,653 ERROR
global name 'b' is not defined

2014-12-20 17:32:01,653 ERROR
global name 'b' is not defined

2014-12-20 17:32:01,654 ERROR
global name 'b' is not defined

2014-12-20 17:32:01,655 ERROR
global name 'b' is not defined

2014-12-20 17:32:01,655 ERROR
global name 'b' is not defined

2014-12-20 17:32:01,656 ERROR
global name 'b' is not defined

2014-12-20 17:32:01,656 ERROR
global name 'b' is not defined

2014-12-20 17:32:01,657 ERROR
global name 'b' is not defined

2014-12-20 17:32:01,658 ERROR
global name 'b' is not defined

2014-12-20 17:32:01,658 ERROR
global name 'b' is not defined

2014-12-20 17:32:01,659 ERROR
global name 'b' is not defined

2014-12-20 17:32:01,659 ERROR
global name 'b' is not defined

2014-12-20 17:32:01,660 ERROR
global name 'b' is not defined

2014-12-20 17:32:01,660 ERROR
global name 'b' is not defined

2014-12-20 17:32:01,661 ERROR
global name 'b' is not defined

2014-12-20 17:32:01,661 ERROR
global name 'b' is not defined

2014-12-20 17:32:01,662 ERROR
global name 'b' is not defined

2014-12-20 17:32:01,662 ERROR
global name 'b' is not defined

2014-12-20 17:32:01,663 ERROR
global name 'b' is not defined

2014-12-20 17:32:01,663 ERROR
global name 'b' is not defined

2014-12-20 17:32:01,663 ERROR
global name 'b' is not defined

2014-12-20 17:32:01,664 ERROR
global name 'b' is not defined

2014-12-20 17:32:01,664 ERROR
global name 'b' is not defined

2014-12-20 17:32:01,665 ERROR
global name 'b' is not defined

2014-12-20 17:32:01,665 ERROR
global name 'b' is not defined

2014-12-20 17:32:01,666 ERROR
global name 'b' is not defined

2014-12-20 17:32:01,666 ERROR
global name 'b' is not defined

2014-12-20 17:32:01,667 ERROR
global name 'b' is not defined

2014-12-20 17:32:01,668 ERROR
global name 'b' is not defined

2014-12-20 17:32:01,668 ERROR
global name 'b' is not defined

2014-12-20 17:32:01,669 ERROR
global name 'b' is not defined

2014-12-20 17:32:01,669 ERROR
global name 'b' is not defined

2014-12-20 17:32:01,670 ERROR
global name 'b' is not defined

2014-12-20 17:32:01,670 ERROR
global name 'b' is not defined

2014-12-20 17:32:01,671 ERROR
global name 'b' is not defined

2014-12-20 17:32:01,672 ERROR
global name 'b' is not defined

2014-12-20 17:32:01,672 ERROR
global name 'b' is not defined

2014-12-20 17:32:01,673 ERROR
global name 'b' is not defined

2014-12-20 17:32:01,673 ERROR
global name 'b' is not defined

2014-12-20 17:32:01,673 ERROR
global name 'b' is not defined

2014-12-20 17:32:01,674 ERROR
global name 'b' is not defined

2014-12-20 17:32:01,674 ERROR
global name 'b' is not defined

2014-12-20 17:32:01,681 ERROR
global name 'b' is not defined

2014-12-20 17:32:01,682 ERROR
global name 'b' is not defined

2014-12-20 17:32:01,682 ERROR
global name 'b' is not defined

2014-12-20 17:32:01,683 ERROR
global name 'b' is not defined

2014-12-20 17:32:01,683 ERROR
global name 'b' is not defined

2014-12-20 17:32:01,684 ERROR
global name 'b' is not defined

2014-12-20 17:32:01,684 ERROR
global name 'b' is not defined

2014-12-20 17:32:01,685 ERROR
global name 'b' is not defined

2014-12-20 17:32:01,705 ERROR
global name 'b' is not defined

2014-12-20 17:32:01,706 ERROR
global name 'b' is not defined

2014-12-20 17:32:01,706 ERROR
global name 'b' is not defined

2014-12-20 17:32:01,707 ERROR
global name 'b' is not defined

2014-12-20 17:32:01,707 ERROR
global name 'b' is not defined

2014-12-20 17:32:01,708 ERROR
global name 'b' is not defined

2014-12-20 17:32:01,708 ERROR
global name 'b' is not defined

2014-12-20 17:32:01,709 ERROR
global name 'b' is not defined

2014-12-20 17:32:01,709 ERROR
global name 'b' is not defined

2014-12-20 17:32:01,709 ERROR
global name 'b' is not defined

2014-12-20 17:32:01,710 ERROR
global name 'b' is not defined

2014-12-20 17:32:01,710 ERROR
global name 'b' is not defined

2014-12-20 17:32:01,711 ERROR
global name 'b' is not defined

2014-12-20 17:32:01,711 ERROR
global name 'b' is not defined

2014-12-20 17:32:01,712 ERROR
global name 'b' is not defined

2014-12-20 17:32:01,712 ERROR
global name 'b' is not defined

2014-12-20 17:32:01,713 ERROR
global name 'b' is not defined

2014-12-20 17:32:01,713 ERROR
global name 'b' is not defined

2014-12-20 17:32:01,714 ERROR
global name 'b' is not defined

2014-12-20 17:32:01,714 ERROR
global name 'b' is not defined

2014-12-20 17:32:01,715 ERROR
global name 'b' is not defined

2014-12-20 17:32:01,715 ERROR
global name 'b' is not defined

2014-12-20 17:32:01,716 ERROR
global name 'b' is not defined

2014-12-20 17:32:01,716 ERROR
global name 'b' is not defined

2014-12-20 17:32:01,742 ERROR
global name 'b' is not defined

2014-12-20 17:32:01,743 ERROR
global name 'b' is not defined

2014-12-20 17:32:01,744 ERROR
global name 'b' is not defined

2014-12-20 17:32:01,744 ERROR
global name 'b' is not defined

2014-12-20 17:32:01,745 ERROR
global name 'b' is not defined

2014-12-20 17:32:01,745 ERROR
global name 'b' is not defined

2014-12-20 17:32:01,746 ERROR
global name 'b' is not defined

2014-12-20 17:32:01,746 ERROR
global name 'b' is not defined

2014-12-20 17:32:01,747 ERROR
global name 'b' is not defined

2014-12-20 17:32:01,747 ERROR
global name 'b' is not defined

2014-12-20 17:32:01,748 ERROR
global name 'b' is not defined

2014-12-20 17:32:01,748 ERROR
global name 'b' is not defined

2014-12-20 17:32:01,749 ERROR
global name 'b' is not defined

2014-12-20 17:32:01,749 ERROR
global name 'b' is not defined

2014-12-20 17:32:01,750 ERROR
global name 'b' is not defined

2014-12-20 17:32:01,750 ERROR
global name 'b' is not defined

2014-12-20 17:32:01,751 ERROR
global name 'b' is not defined

2014-12-20 17:32:01,751 ERROR
global name 'b' is not defined

2014-12-20 17:32:01,752 ERROR
global name 'b' is not defined

2014-12-20 17:32:01,752 ERROR
global name 'b' is not defined

2014-12-20 17:32:01,753 ERROR
global name 'b' is not defined

2014-12-20 17:32:01,753 ERROR
global name 'b' is not defined

2014-12-20 17:32:01,754 ERROR
global name 'b' is not defined

2014-12-20 17:32:01,754 ERROR
global name 'b' is not defined

2014-12-20 17:32:01,755 ERROR
global name 'b' is not defined

2014-12-20 17:32:01,755 ERROR
global name 'b' is not defined

2014-12-20 17:32:01,756 ERROR
global name 'b' is not defined

2014-12-20 17:32:01,756 ERROR
global name 'b' is not defined

2014-12-20 17:32:01,756 ERROR
global name 'b' is not defined

2014-12-20 17:32:01,757 ERROR
global name 'b' is not defined

2014-12-20 17:32:01,757 ERROR
global name 'b' is not defined

2014-12-20 17:32:01,758 ERROR
global name 'b' is not defined

2014-12-20 17:32:01,814 ERROR
global name 'b' is not defined

2014-12-20 17:32:01,814 ERROR
global name 'b' is not defined

2014-12-20 17:32:01,815 ERROR
global name 'b' is not defined

2014-12-20 17:32:01,815 ERROR
global name 'b' is not defined

2014-12-20 17:32:01,816 ERROR
global name 'b' is not defined

2014-12-20 17:32:01,816 ERROR
global name 'b' is not defined

2014-12-20 17:32:01,817 ERROR
global name 'b' is not defined

2014-12-20 17:32:01,817 ERROR
global name 'b' is not defined

2014-12-20 17:32:01,818 ERROR
global name 'b' is not defined

2014-12-20 17:32:01,818 ERROR
global name 'b' is not defined

2014-12-20 17:32:01,819 ERROR
global name 'b' is not defined

2014-12-20 17:32:01,819 ERROR
global name 'b' is not defined

2014-12-20 17:32:01,820 ERROR
global name 'b' is not defined

2014-12-20 17:32:01,820 ERROR
global name 'b' is not defined

2014-12-20 17:32:01,821 ERROR
global name 'b' is not defined

2014-12-20 17:32:01,821 ERROR
global name 'b' is not defined

2014-12-20 17:32:01,822 ERROR
global name 'b' is not defined

2014-12-20 17:32:01,822 ERROR
global name 'b' is not defined

2014-12-20 17:32:01,823 ERROR
global name 'b' is not defined

2014-12-20 17:32:01,823 ERROR
global name 'b' is not defined

2014-12-20 17:32:01,824 ERROR
global name 'b' is not defined

2014-12-20 17:32:01,824 ERROR
global name 'b' is not defined

2014-12-20 17:32:01,825 ERROR
global name 'b' is not defined

2014-12-20 17:32:01,825 ERROR
global name 'b' is not defined

2014-12-20 17:32:01,826 ERROR
global name 'b' is not defined

2014-12-20 17:32:01,826 ERROR
global name 'b' is not defined

2014-12-20 17:32:01,827 ERROR
global name 'b' is not defined

2014-12-20 17:32:01,827 ERROR
global name 'b' is not defined

2014-12-20 17:32:01,828 ERROR
global name 'b' is not defined

2014-12-20 17:32:01,828 ERROR
global name 'b' is not defined

2014-12-20 17:32:01,829 ERROR
global name 'b' is not defined

2014-12-20 17:32:01,829 ERROR
global name 'b' is not defined

2014-12-20 17:32:01,830 ERROR
global name 'b' is not defined

2014-12-20 17:32:01,830 ERROR
global name 'b' is not defined

2014-12-20 17:32:01,831 ERROR
global name 'b' is not defined

2014-12-20 17:32:01,831 ERROR
global name 'b' is not defined

2014-12-20 17:32:01,832 ERROR
global name 'b' is not defined

2014-12-20 17:32:01,832 ERROR
global name 'b' is not defined

2014-12-20 17:32:01,833 ERROR
global name 'b' is not defined

2014-12-20 17:32:01,833 ERROR
global name 'b' is not defined

2014-12-20 17:32:01,834 ERROR
global name 'b' is not defined

2014-12-20 17:32:01,835 ERROR
global name 'b' is not defined

2014-12-20 17:32:01,836 ERROR
global name 'b' is not defined

2014-12-20 17:32:01,837 ERROR
global name 'b' is not defined

2014-12-20 17:32:01,839 ERROR
global name 'b' is not defined

2014-12-20 17:32:01,840 ERROR
global name 'b' is not defined

2014-12-20 17:32:01,841 ERROR
global name 'b' is not defined

2014-12-20 17:32:01,841 ERROR
global name 'b' is not defined

2014-12-20 17:32:01,842 ERROR
global name 'b' is not defined

2014-12-20 17:32:01,843 ERROR
global name 'b' is not defined

2014-12-20 17:32:01,843 ERROR
global name 'b' is not defined

2014-12-20 17:32:01,844 ERROR
global name 'b' is not defined

2014-12-20 17:32:01,844 ERROR
global name 'b' is not defined

2014-12-20 17:32:01,845 ERROR
global name 'b' is not defined

2014-12-20 17:32:01,845 ERROR
global name 'b' is not defined

2014-12-20 17:32:01,846 ERROR
global name 'b' is not defined

2014-12-20 17:32:01,846 ERROR
global name 'b' is not defined

2014-12-20 17:32:01,847 ERROR
global name 'b' is not defined

2014-12-20 17:32:01,869 ERROR
global name 'b' is not defined

2014-12-20 17:32:01,870 ERROR
global name 'b' is not defined

2014-12-20 17:32:01,870 ERROR
global name 'b' is not defined

2014-12-20 17:32:01,871 ERROR
global name 'b' is not defined

2014-12-20 17:32:01,872 ERROR
global name 'b' is not defined

2014-12-20 17:32:01,872 ERROR
global name 'b' is not defined

2014-12-20 17:32:01,872 ERROR
global name 'b' is not defined

2014-12-20 17:32:01,873 ERROR
global name 'b' is not defined

2014-12-20 17:32:01,873 ERROR
global name 'b' is not defined

2014-12-20 17:32:01,874 ERROR
global name 'b' is not defined

2014-12-20 17:32:01,874 ERROR
global name 'b' is not defined

2014-12-20 17:32:01,875 ERROR
global name 'b' is not defined

2014-12-20 17:32:01,876 ERROR
global name 'b' is not defined

2014-12-20 17:32:01,876 ERROR
global name 'b' is not defined

2014-12-20 17:32:01,877 ERROR
global name 'b' is not defined

2014-12-20 17:32:01,877 ERROR
global name 'b' is not defined

2014-12-20 17:32:01,878 ERROR
global name 'b' is not defined

2014-12-20 17:32:01,878 ERROR
global name 'b' is not defined

2014-12-20 17:32:01,879 ERROR
global name 'b' is not defined

2014-12-20 17:32:01,879 ERROR
global name 'b' is not defined

2014-12-20 17:32:01,880 ERROR
global name 'b' is not defined

2014-12-20 17:32:01,880 ERROR
global name 'b' is not defined

2014-12-20 17:32:01,881 ERROR
global name 'b' is not defined

2014-12-20 17:32:01,881 ERROR
global name 'b' is not defined

2014-12-20 17:32:01,882 ERROR
global name 'b' is not defined

2014-12-20 17:32:01,882 ERROR
global name 'b' is not defined

2014-12-20 17:32:01,883 ERROR
global name 'b' is not defined

2014-12-20 17:34:42,078 ERROR
i url is None

2014-12-20 17:41:36,401 ERROR
i url is None

2014-12-20 17:41:40,436 ERROR
'NoneType' object has no attribute 'next'

2014-12-20 17:42:20,384 ERROR
i url is None

2014-12-20 17:42:25,868 ERROR
'NoneType' object has no attribute 'next'

2014-12-20 17:42:40,080 ERROR
i url is None

2014-12-20 17:42:44,089 ERROR
'NoneType' object has no attribute 'next'

2014-12-20 17:44:19,578 ERROR
i url is None

2014-12-20 17:44:24,399 ERROR
'NoneType' object has no attribute 'next'

2014-12-20 17:50:12,971 ERROR
i url is None

2014-12-20 17:50:23,881 ERROR
'NoneType' object has no attribute 'next'

2014-12-20 17:53:55,331 ERROR
i url is None

2014-12-20 17:54:01,511 ERROR
'NoneType' object has no attribute 'next'

2014-12-20 17:55:42,279 ERROR
i url is None

2014-12-20 17:55:46,327 ERROR
'NoneType' object has no attribute 'next'

2014-12-20 18:03:56,819 ERROR
i url is None

2014-12-20 18:04:06,448 ERROR
'NoneType' object has no attribute 'next'

2014-12-20 18:05:19,280 ERROR
i url is None

2014-12-20 18:05:23,410 ERROR
'NoneType' object has no attribute 'next'

2014-12-20 18:06:56,168 ERROR
i url is None

2014-12-20 18:07:01,076 ERROR
'NoneType' object has no attribute 'next'

2014-12-20 18:08:11,179 ERROR
i url is None

2014-12-20 18:08:14,906 ERROR
'NoneType' object has no attribute 'next'

2014-12-20 18:13:50,740 ERROR
i url is None

2014-12-20 18:14:00,990 ERROR
'NoneType' object has no attribute 'next'

2014-12-20 18:20:28,853 ERROR
i url is None

2014-12-20 18:22:01,738 ERROR
'NoneType' object has no attribute 'next'

2014-12-20 18:26:41,453 ERROR
i url is None

2014-12-20 18:26:48,324 ERROR
'NoneType' object has no attribute 'next'

2014-12-20 18:35:54,868 ERROR
i url is None

2014-12-20 18:36:01,500 ERROR
'NoneType' object has no attribute 'next'

2014-12-20 18:36:31,381 ERROR
i url is None

2014-12-20 18:36:34,575 ERROR
'NoneType' object has no attribute 'next'

2014-12-20 18:41:43,543 ERROR
i url is None

2014-12-20 18:49:26,024 ERROR
i url is None

2014-12-20 18:58:08,221 ERROR
i url is None

2014-12-20 19:00:02,932 ERROR
i url is None

2014-12-20 19:00:06,756 ERROR
'NoneType' object has no attribute 'next'

